// Substrate: 20150131
// Timestamp: 
// Result: Pass

< ^ 700043003 |example problem list concepts reference set|
// Result: set()
//
// Length=0

// ============================================================
//SELECT DISTINCT tt1.child AS id
// FROM transitive_ss AS tt1
// JOIN
//   (SELECT DISTINCT or_sctid.id
//    FROM (
//            (SELECT id
//             FROM concept_ss
//             WHERE active=1
//               AND locked = 0
//               AND (id IN (700043003)))
//          UNION
//            (SELECT id
//             FROM concept_ss
//             WHERE active=1
//               AND locked = 0
//               AND (id IN (700043003)))) AS or_sctid) AS tt2 ON tt1.parent = tt2.id
// WHERE tt1.locked = 0
// ============================================================
