// Substrate: 20150131
// Timestamp: 
// Result: Pass

< 404684003 |clinical finding| : 
( 363698007 |finding site| = << 39057004 |pulmonary valve structure| AND 
116676008 |associated morphology| = << 415582006 |stenosis|) OR
42752001 |due to| = << 445238008|malignant carcinoid tumor|
// Result: {194997002, 253514004, 703178004, 251007003, 204351007, 253513005, 92830003,
// 251006007, 67278007, 85971001, 253512000, 195000004, 703192005, 472845002,
// 56786000, 91442002, 703186004, 204306007, 399228007, 253515003, 86299006,
// 703291007}
//
// Length=22

// ============================================================
//SELECT DISTINCT and_sctid1.id
// FROM
//   (SELECT DISTINCT tt1.child AS id
//    FROM transitive_ss AS tt1
//    JOIN
//      (SELECT id
//       FROM concept_ss
//       WHERE active=1
//         AND locked = 0
//         AND (id IN (404684003))) AS tt2 ON tt1.parent = tt2.id
//    WHERE tt1.locked = 0) AS and_sctid1
// JOIN
//   (SELECT DISTINCT or_sctid.id
//    FROM (
//            (SELECT DISTINCT and_sctid1.id
//             FROM
//               (SELECT DISTINCT rc_1.id
//                FROM
//                  (SELECT id AS rid,
//                          sourceId AS id,
//                          typeId,
//                          destinationId,
//                          gid
//                   FROM relationship_ss_ext
//                   WHERE typeId IN
//                       (SELECT id
//                        FROM concept_ss
//                        WHERE active=1
//                          AND locked = 0
//                          AND (id IN (363698007)))
//                     AND destinationId IN
//                       (SELECT DISTINCT or_sctid.id
//                        FROM (
//                                (SELECT id
//                                 FROM concept_ss
//                                 WHERE active=1
//                                   AND locked = 0
//                                   AND (id IN (39057004)))
//                              UNION
//                                (SELECT DISTINCT tt1.child AS id
//                                 FROM transitive_ss AS tt1
//                                 JOIN
//                                   (SELECT id
//                                    FROM concept_ss
//                                    WHERE active=1
//                                      AND locked = 0
//                                      AND (id IN (39057004))) AS tt2 ON tt1.parent = tt2.id
//                                 WHERE tt1.locked = 0)) AS or_sctid)
//                     AND active=1
//                     AND locked=0) AS rc_1) AS and_sctid1
//             JOIN
//               (SELECT DISTINCT rc_1.id
//                FROM
//                  (SELECT id AS rid,
//                          sourceId AS id,
//                          typeId,
//                          destinationId,
//                          gid
//                   FROM relationship_ss_ext
//                   WHERE typeId IN
//                       (SELECT id
//                        FROM concept_ss
//                        WHERE active=1
//                          AND locked = 0
//                          AND (id IN (116676008)))
//                     AND destinationId IN
//                       (SELECT DISTINCT or_sctid.id
//                        FROM (
//                                (SELECT id
//                                 FROM concept_ss
//                                 WHERE active=1
//                                   AND locked = 0
//                                   AND (id IN (415582006)))
//                              UNION
//                                (SELECT DISTINCT tt1.child AS id
//                                 FROM transitive_ss AS tt1
//                                 JOIN
//                                   (SELECT id
//                                    FROM concept_ss
//                                    WHERE active=1
//                                      AND locked = 0
//                                      AND (id IN (415582006))) AS tt2 ON tt1.parent = tt2.id
//                                 WHERE tt1.locked = 0)) AS or_sctid)
//                     AND active=1
//                     AND locked=0) AS rc_1) AS and_sctid2 ON and_sctid1.id = and_sctid2.id)
//          UNION
//            (SELECT DISTINCT rc_1.id
//             FROM
//               (SELECT id AS rid,
//                       sourceId AS id,
//                       typeId,
//                       destinationId,
//                       gid
//                FROM relationship_ss_ext
//                WHERE typeId IN
//                    (SELECT id
//                     FROM concept_ss
//                     WHERE active=1
//                       AND locked = 0
//                       AND (id IN (42752001)))
//                  AND destinationId IN
//                    (SELECT DISTINCT or_sctid.id
//                     FROM (
//                             (SELECT id
//                              FROM concept_ss
//                              WHERE active=1
//                                AND locked = 0
//                                AND (id IN (445238008)))
//                           UNION
//                             (SELECT DISTINCT tt1.child AS id
//                              FROM transitive_ss AS tt1
//                              JOIN
//                                (SELECT id
//                                 FROM concept_ss
//                                 WHERE active=1
//                                   AND locked = 0
//                                   AND (id IN (445238008))) AS tt2 ON tt1.parent = tt2.id
//                              WHERE tt1.locked = 0)) AS or_sctid)
//                  AND active=1
//                  AND locked=0) AS rc_1)) AS or_sctid) AS and_sctid2 ON and_sctid1.id = and_sctid2.id
// ============================================================
