// Substrate: 20150131
// Timestamp: 
// Result: Pass

(descendantOf 19829001|disorder of lung| MINUS memberOf 700043003 |example problem list concepts reference set|) MINUS
memberOf 450976002|disorders and diseases reference set for GP/FP reason for encounter|
// Result: 
//
// Length=944

// ============================================================
//SELECT DISTINCT minus_sctid.id
// FROM
//   (SELECT DISTINCT minus_sctid.id
//    FROM
//      (SELECT DISTINCT tt1.child AS id
//       FROM transitive_ss AS tt1
//       JOIN
//         (SELECT id
//          FROM concept_ss
//          WHERE active=1
//            AND locked = 0
//            AND (id IN (19829001))) AS tt2 ON tt1.parent = tt2.id
//       WHERE tt1.locked = 0) AS minus_sctid
//    WHERE minus_sctid.id NOT IN
//        (SELECT DISTINCT rs1.referencedComponentId AS id
//         FROM simplerefset_ss AS rs1
//         WHERE rs1.refsetId = 700043003
//           AND rs1.locked = 0
//           AND rs1.active = 1)) AS minus_sctid
// WHERE minus_sctid.id NOT IN
//     (SELECT DISTINCT rs1.referencedComponentId AS id
//      FROM simplerefset_ss AS rs1
//      WHERE rs1.refsetId = 450976002
//        AND rs1.locked = 0
//        AND rs1.active = 1)
// ============================================================
