// Substrate: 20150131
// Timestamp: 
// Result: Pass

descendantOf 19829001 |disorder of lung| : 
116676008 |associated morphology| = 79654002 |edema|

// Result: {233707008, 405276000, 698640000, 233708003, 11468004, 196152007, 233705000,
// 233712009, 196153002, 95437004, 162970000, 276637009, 700458001, 67782005,
// 19242006, 698638005, 196151000, 89687005}
//
// Length=18

// ============================================================
//SELECT DISTINCT and_sctid1.id
// FROM
//   (SELECT DISTINCT tt1.child AS id
//    FROM transitive_ss AS tt1
//    JOIN
//      (SELECT id
//       FROM concept_ss
//       WHERE active=1
//         AND locked = 0
//         AND (id IN (19829001))) AS tt2 ON tt1.parent = tt2.id
//    WHERE tt1.locked = 0) AS and_sctid1
// JOIN
//   (SELECT DISTINCT rc_1.id
//    FROM
//      (SELECT id AS rid,
//              sourceId AS id,
//              typeId,
//              destinationId,
//              gid
//       FROM relationship_ss_ext
//       WHERE typeId IN
//           (SELECT id
//            FROM concept_ss
//            WHERE active=1
//              AND locked = 0
//              AND (id IN (116676008)))
//         AND destinationId IN
//           (SELECT id
//            FROM concept_ss
//            WHERE active=1
//              AND locked = 0
//              AND (id IN (79654002)))
//         AND active=1
//         AND locked=0) AS rc_1) AS and_sctid2 ON and_sctid1.id = and_sctid2.id
// ============================================================
