// Substrate: 20150131
// Timestamp: 
// Result: Pass

descendantOf 27658006 |amoxicillin |:
411116001 |has dose form| = descendantOrSelfOf 385049006 |capsule|,
{ 111115 |has basis of strength| = ( 111115 |amoxicillin only|:
   111115 |strength magnitude| >= #500,
   111115 |strength unit| = 258684004 |mg|)}

// Result: set()
//
// Length=0

// ============================================================
//SELECT DISTINCT and_sctid1.id
// FROM
//   (SELECT DISTINCT tt1.child AS id
//    FROM transitive_ss AS tt1
//    JOIN
//      (SELECT id
//       FROM concept_ss
//       WHERE active=1
//         AND locked = 0
//         AND (id IN (27658006))) AS tt2 ON tt1.parent = tt2.id
//    WHERE tt1.locked = 0) AS and_sctid1
// JOIN
//   (SELECT DISTINCT and_sctid1.id
//    FROM
//      (SELECT DISTINCT rc_1.id
//       FROM
//         (SELECT id AS rid,
//                 sourceId AS id,
//                 typeId,
//                 destinationId,
//                 gid
//          FROM relationship_ss_ext
//          WHERE typeId IN
//              (SELECT id
//               FROM concept_ss
//               WHERE active=1
//                 AND locked = 0
//                 AND (id IN (411116001)))
//            AND destinationId IN
//              (SELECT DISTINCT or_sctid.id
//               FROM (
//                       (SELECT id
//                        FROM concept_ss
//                        WHERE active=1
//                          AND locked = 0
//                          AND (id IN (385049006)))
//                     UNION
//                       (SELECT DISTINCT tt1.child AS id
//                        FROM transitive_ss AS tt1
//                        JOIN
//                          (SELECT id
//                           FROM concept_ss
//                           WHERE active=1
//                             AND locked = 0
//                             AND (id IN (385049006))) AS tt2 ON tt1.parent = tt2.id
//                        WHERE tt1.locked = 0)) AS or_sctid)
//            AND active=1
//            AND locked=0) AS rc_1) AS and_sctid1
//    JOIN
//      (SELECT DISTINCT rg_card.id
//       FROM
//         (SELECT DISTINCT idg.id,
//                          idg.gid
//          FROM
//            (SELECT id AS rid,
//                    sourceId AS id,
//                    typeId,
//                    destinationId,
//                    gid
//             FROM relationship_ss_ext
//             WHERE typeId IN
//                 (SELECT id
//                  FROM concept_ss
//                  WHERE active=1
//                    AND locked = 0
//                    AND (id IN (111115)))
//               AND destinationId IN
//                 (SELECT DISTINCT and_sctid1.id
//                  FROM
//                    (SELECT id
//                     FROM concept_ss
//                     WHERE active=1
//                       AND locked = 0
//                       AND (id IN (111115))) AS and_sctid1
//                  JOIN
//                    (SELECT DISTINCT and_sctid1.id
//                     FROM
//                       (SELECT DISTINCT rc_1.id
//                        FROM
//                          (SELECT id AS rid,
//                                  sourceId AS id,
//                                  typeId,
//                                  destinationId,
//                                  gid
//                           FROM relationship_ss_ext
//                           WHERE 0) AS rc_1) AS and_sctid1
//                     JOIN
//                       (SELECT DISTINCT rc_1.id
//                        FROM
//                          (SELECT id AS rid,
//                                  sourceId AS id,
//                                  typeId,
//                                  destinationId,
//                                  gid
//                           FROM relationship_ss_ext
//                           WHERE typeId IN
//                               (SELECT id
//                                FROM concept_ss
//                                WHERE active=1
//                                  AND locked = 0
//                                  AND (id IN (111115)))
//                             AND destinationId IN
//                               (SELECT id
//                                FROM concept_ss
//                                WHERE active=1
//                                  AND locked = 0
//                                  AND (id IN (258684004)))
//                             AND active=1
//                             AND locked=0) AS rc_1) AS and_sctid2 ON and_sctid1.id = and_sctid2.id) AS and_sctid2 ON and_sctid1.id = and_sctid2.id)
//               AND active=1
//               AND locked=0) AS idg) AS rg_card) AS and_sctid2 ON and_sctid1.id = and_sctid2.id) AS and_sctid2 ON and_sctid1.id = and_sctid2.id
// ============================================================
