// Substrate: 20150131
// Timestamp: 
// Result: Pass

(descendantOf 19829001 |disorder of lung| AND descendantOf 301867009 |edema of trunk|) AND 
memberOf 700043003 |example problem list concepts reference set|
// Result: set()
//
// Length=0

// ============================================================
//SELECT DISTINCT and_sctid1.id
// FROM
//   (SELECT DISTINCT and_sctid1.id
//    FROM
//      (SELECT DISTINCT tt1.child AS id
//       FROM transitive_ss AS tt1
//       JOIN
//         (SELECT id
//          FROM concept_ss
//          WHERE active=1
//            AND locked = 0
//            AND (id IN (19829001))) AS tt2 ON tt1.parent = tt2.id
//       WHERE tt1.locked = 0) AS and_sctid1
//    JOIN
//      (SELECT DISTINCT tt1.child AS id
//       FROM transitive_ss AS tt1
//       JOIN
//         (SELECT id
//          FROM concept_ss
//          WHERE active=1
//            AND locked = 0
//            AND (id IN (301867009))) AS tt2 ON tt1.parent = tt2.id
//       WHERE tt1.locked = 0) AS and_sctid2 ON and_sctid1.id = and_sctid2.id) AS and_sctid1
// JOIN
//   (SELECT DISTINCT rs1.referencedComponentId AS id
//    FROM simplerefset_ss AS rs1
//    WHERE rs1.refsetId = 700043003
//      AND rs1.locked = 0
//      AND rs1.active = 1) AS and_sctid2 ON and_sctid1.id = and_sctid2.id
// ============================================================
