// Substrate: 20150131
// Timestamp: 
// Result: Pass

descendantOrSelfOf 19829001 |disorder of lung| MINUS descendantOrSelfOf 301867009 |edema of trunk|
// Result: 
//
// Length=918

// ============================================================
//SELECT DISTINCT minus_sctid.id
// FROM
//   (SELECT DISTINCT or_sctid.id
//    FROM (
//            (SELECT id
//             FROM concept_ss
//             WHERE active=1
//               AND locked = 0
//               AND (id IN (19829001)))
//          UNION
//            (SELECT DISTINCT tt1.child AS id
//             FROM transitive_ss AS tt1
//             JOIN
//               (SELECT id
//                FROM concept_ss
//                WHERE active=1
//                  AND locked = 0
//                  AND (id IN (19829001))) AS tt2 ON tt1.parent = tt2.id
//             WHERE tt1.locked = 0)) AS or_sctid) AS minus_sctid
// WHERE minus_sctid.id NOT IN
//     (SELECT DISTINCT or_sctid.id
//      FROM (
//              (SELECT id
//               FROM concept_ss
//               WHERE active=1
//                 AND locked = 0
//                 AND (id IN (301867009)))
//            UNION
//              (SELECT DISTINCT tt1.child AS id
//               FROM transitive_ss AS tt1
//               JOIN
//                 (SELECT id
//                  FROM concept_ss
//                  WHERE active=1
//                    AND locked = 0
//                    AND (id IN (301867009))) AS tt2 ON tt1.parent = tt2.id
//               WHERE tt1.locked = 0)) AS or_sctid)
// ============================================================
