// Substrate: 20150131
// Timestamp: 
// Result: Pass

< 404684003 |clinical finding|: 
[0..0] {[2..*] 363698007 |finding site| = < 91723000 |anatomical structure|}
// Result: 
//
// Length=102217

// ============================================================
//SELECT DISTINCT and_sctid1.id
// FROM
//   (SELECT DISTINCT tt1.child AS id
//    FROM transitive_ss AS tt1
//    JOIN
//      (SELECT id
//       FROM concept_ss
//       WHERE active=1
//         AND locked = 0
//         AND (id IN (404684003))) AS tt2 ON tt1.parent = tt2.id
//    WHERE tt1.locked = 0) AS and_sctid1
// JOIN
//   (SELECT DISTINCT minus_sctid.id
//    FROM
//      (SELECT id
//       FROM concept_ss
//       WHERE active=1
//         AND locked = 0) AS minus_sctid
//    WHERE minus_sctid.id NOT IN
//        (SELECT DISTINCT minus_sctid.id
//         FROM
//           (SELECT id
//            FROM concept_ss
//            WHERE active=1
//              AND locked = 0
//              AND (id in
//                     (select to_sctid.id
//                      from
//                        (SELECT DISTINCT idg.id,
//                                         idg.gid
//                         FROM
//                           (SELECT DISTINCT rac_1.id,
//                                            rac_1.gid
//                            FROM
//                              (SELECT id,
//                                      gid,
//                                      count(rid) AS cnt
//                               FROM
//                                 (SELECT id AS rid,
//                                         sourceId AS id,
//                                         typeId,
//                                         destinationId,
//                                         gid
//                                  FROM relationship_ss_ext
//                                  WHERE typeId IN
//                                      (SELECT id
//                                       FROM concept_ss
//                                       WHERE active=1
//                                         AND locked = 0
//                                         AND (id IN (363698007)))
//                                    AND destinationId IN
//                                      (SELECT DISTINCT tt1.child AS id
//                                       FROM transitive_ss AS tt1
//                                       JOIN
//                                         (SELECT id
//                                          FROM concept_ss
//                                          WHERE active=1
//                                            AND locked = 0
//                                            AND (id IN (91723000))) AS tt2 ON tt1.parent = tt2.id
//                                       WHERE tt1.locked = 0)
//                                    AND active=1
//                                    AND locked=0) AS rac_2
//                               GROUP BY id,
//                                        gid) AS rac_1
//                            WHERE rac_1.cnt >= 2) AS idg) AS to_sctid))) AS minus_sctid
//         WHERE minus_sctid.id NOT IN
//             (SELECT DISTINCT rg_card.id
//              FROM
//                (SELECT DISTINCT idg.id,
//                                 idg.gid
//                 FROM
//                   (SELECT DISTINCT rac_1.id,
//                                    rac_1.gid
//                    FROM
//                      (SELECT id,
//                              gid,
//                              count(rid) AS cnt
//                       FROM
//                         (SELECT id AS rid,
//                                 sourceId AS id,
//                                 typeId,
//                                 destinationId,
//                                 gid
//                          FROM relationship_ss_ext
//                          WHERE typeId IN
//                              (SELECT id
//                               FROM concept_ss
//                               WHERE active=1
//                                 AND locked = 0
//                                 AND (id IN (363698007)))
//                            AND destinationId IN
//                              (SELECT DISTINCT tt1.child AS id
//                               FROM transitive_ss AS tt1
//                               JOIN
//                                 (SELECT id
//                                  FROM concept_ss
//                                  WHERE active=1
//                                    AND locked = 0
//                                    AND (id IN (91723000))) AS tt2 ON tt1.parent = tt2.id
//                               WHERE tt1.locked = 0)
//                            AND active=1
//                            AND locked=0) AS rac_2
//                       GROUP BY id,
//                                gid) AS rac_1
//                    WHERE rac_1.cnt >= 2) AS idg) AS rg_card))) AS and_sctid2 ON and_sctid1.id = and_sctid2.id
// ============================================================
