// Substrate: 20150131
// Timestamp: 
// Result: Pass

< 19829001|disorder of lung| AND ^ 152725851000154106|cardiology reference set| AND
^ 450976002|disorders and diseases reference set for GP/FP reason for encounter|
// Result: set()
//
// Length=0

// ============================================================
//SELECT DISTINCT and_sctid1.id
// FROM
//   (SELECT DISTINCT tt1.child AS id
//    FROM transitive_ss AS tt1
//    JOIN
//      (SELECT id
//       FROM concept_ss
//       WHERE active=1
//         AND locked = 0
//         AND (id IN (19829001))) AS tt2 ON tt1.parent = tt2.id
//    WHERE tt1.locked = 0) AS and_sctid1
// JOIN
//   (SELECT DISTINCT and_sctid1.id
//    FROM
//      (SELECT id
//       FROM concept_ss
//       WHERE active=1
//         AND locked = 0
//         AND (False)) AS and_sctid1
//    JOIN
//      (SELECT id
//       FROM concept_ss
//       WHERE active=1
//         AND locked = 0
//         AND (id IN (450976002))) AS and_sctid2 ON and_sctid1.id = and_sctid2.id) AS and_sctid2 ON and_sctid1.id = and_sctid2.id
// ============================================================
