// Substrate: 20150131
// Timestamp: 
// Result: Pass

<< 404684003 |clinical finding|:
<< 47429007 |associated with| = << 267038008 |edema|
// Result: {267655008, 230580009, 230511003, 39244004, 21263006}
//
// Length=5

// ============================================================
//SELECT DISTINCT and_sctid1.id
// FROM
//   (SELECT DISTINCT or_sctid.id
//    FROM (
//            (SELECT id
//             FROM concept_ss
//             WHERE active=1
//               AND locked = 0
//               AND (id IN (404684003)))
//          UNION
//            (SELECT DISTINCT tt1.child AS id
//             FROM transitive_ss AS tt1
//             JOIN
//               (SELECT id
//                FROM concept_ss
//                WHERE active=1
//                  AND locked = 0
//                  AND (id IN (404684003))) AS tt2 ON tt1.parent = tt2.id
//             WHERE tt1.locked = 0)) as or_sctid) AS and_sctid1
// JOIN
//   (SELECT DISTINCT rc_1.sourceId AS id
//    FROM
//      (SELECT id,
//              sourceId,
//              typeId,
//              destinationId,
//              gid
//       FROM relationship_ss_ext
//       WHERE typeId IN
//           (SELECT DISTINCT or_sctid.id
//            FROM (
//                    (SELECT id
//                     FROM concept_ss
//                     WHERE active=1
//                       AND locked = 0
//                       AND (id IN (47429007)))
//                  UNION
//                    (SELECT DISTINCT tt1.child AS id
//                     FROM transitive_ss AS tt1
//                     JOIN
//                       (SELECT id
//                        FROM concept_ss
//                        WHERE active=1
//                          AND locked = 0
//                          AND (id IN (47429007))) AS tt2 ON tt1.parent = tt2.id
//                     WHERE tt1.locked = 0)) as or_sctid)
//         AND destinationId IN
//           (SELECT DISTINCT or_sctid.id
//            FROM (
//                    (SELECT id
//                     FROM concept_ss
//                     WHERE active=1
//                       AND locked = 0
//                       AND (id IN (267038008)))
//                  UNION
//                    (SELECT DISTINCT tt1.child AS id
//                     FROM transitive_ss AS tt1
//                     JOIN
//                       (SELECT id
//                        FROM concept_ss
//                        WHERE active=1
//                          AND locked = 0
//                          AND (id IN (267038008))) AS tt2 ON tt1.parent = tt2.id
//                     WHERE tt1.locked = 0)) as or_sctid)
//         AND active=1
//         AND locked=0) AS rc_1) AS and_sctid2 ON and_sctid1.id = and_sctid2.id
// ============================================================
