// Substrate: 20150131
// Timestamp: 
// Result: Pass

< 19829001 |disorder of lung|: 
116676008 |associated morphology| = << 79654002 |edema|
// Result: {233707008, 698640000, 233712009, 162970000, 700458001, 233706004, 19242006,
// 46847001, 233711002, 233705000, 196153002, 233710001, 698638005, 360371003,
// 196152007, 40541001, 95437004, 233709006, 276637009, 196151000, 89687005,
// 405276000, 10519008, 233708003, 11468004, 61233003, 67782005}
//
// Length=27

// ============================================================
//SELECT DISTINCT and_sctid1.id
// FROM
//   (SELECT DISTINCT tt1.child AS id
//    FROM transitive_ss AS tt1
//    JOIN
//      (SELECT id
//       FROM concept_ss
//       WHERE active=1
//         AND locked = 0
//         AND (id IN (19829001))) AS tt2 ON tt1.parent = tt2.id
//    WHERE tt1.locked = 0) AS and_sctid1
// JOIN
//   (SELECT DISTINCT rc_1.id
//    FROM
//      (SELECT id AS rid,
//              sourceId AS id,
//              typeId,
//              destinationId,
//              gid
//       FROM relationship_ss_ext
//       WHERE typeId IN
//           (SELECT id
//            FROM concept_ss
//            WHERE active=1
//              AND locked = 0
//              AND (id IN (116676008)))
//         AND destinationId IN
//           (SELECT DISTINCT or_sctid.id
//            FROM (
//                    (SELECT id
//                     FROM concept_ss
//                     WHERE active=1
//                       AND locked = 0
//                       AND (id IN (79654002)))
//                  UNION
//                    (SELECT DISTINCT tt1.child AS id
//                     FROM transitive_ss AS tt1
//                     JOIN
//                       (SELECT id
//                        FROM concept_ss
//                        WHERE active=1
//                          AND locked = 0
//                          AND (id IN (79654002))) AS tt2 ON tt1.parent = tt2.id
//                     WHERE tt1.locked = 0)) AS or_sctid)
//         AND active=1
//         AND locked=0) AS rc_1) AS and_sctid2 ON and_sctid1.id = and_sctid2.id
// ============================================================
