// Substrate: 20150131
// Timestamp: 
// Result: Pass

descendantOf 373873005 |pharmaceutical / biologic product|:
[0 to 1] { 127489000 |has active ingredient| = descendantOf 105590001 |substance|}
// Result: 
//
// Length=16965

// ============================================================
//SELECT DISTINCT and_sctid1.id
// FROM
//   (SELECT DISTINCT tt1.child AS id
//    FROM transitive_ss AS tt1
//    JOIN
//      (SELECT id
//       FROM concept_ss
//       WHERE active=1
//         AND locked = 0
//         AND (id IN (373873005))) AS tt2 ON tt1.parent = tt2.id
//    WHERE tt1.locked = 0) AS and_sctid1
// JOIN
//   (SELECT DISTINCT minus_sctid.id
//    FROM
//      (SELECT id
//       FROM concept_ss
//       WHERE active=1
//         AND locked = 0) AS minus_sctid
//    WHERE minus_sctid.id NOT IN
//        (SELECT DISTINCT minus_sctid.id
//         FROM
//           (SELECT id
//            FROM concept_ss
//            WHERE active=1
//              AND locked = 0
//              AND (id in
//                     (select to_sctid.id
//                      from
//                        (SELECT DISTINCT idg.id,
//                                         idg.gid
//                         FROM
//                           (SELECT id,
//                                   sourceId,
//                                   typeId,
//                                   destinationId,
//                                   gid
//                            FROM relationship_ss_ext
//                            WHERE typeId IN
//                                (SELECT id
//                                 FROM concept_ss
//                                 WHERE active=1
//                                   AND locked = 0
//                                   AND (id IN (127489000)))
//                              AND destinationId IN
//                                (SELECT DISTINCT tt1.child AS id
//                                 FROM transitive_ss AS tt1
//                                 JOIN
//                                   (SELECT id
//                                    FROM concept_ss
//                                    WHERE active=1
//                                      AND locked = 0
//                                      AND (id IN (105590001))) AS tt2 ON tt1.parent = tt2.id
//                                 WHERE tt1.locked = 0)
//                              AND active=1
//                              AND locked=0) AS idg) as to_sctid))) AS minus_sctid
//         WHERE minus_sctid.id NOT IN
//             (SELECT DISTINCT rg_card.id
//              FROM
//                (SELECT DISTINCT idg.id,
//                                 idg.gid
//                 FROM
//                   (SELECT id,
//                           sourceId,
//                           typeId,
//                           destinationId,
//                           gid
//                    FROM relationship_ss_ext
//                    WHERE typeId IN
//                        (SELECT id
//                         FROM concept_ss
//                         WHERE active=1
//                           AND locked = 0
//                           AND (id IN (127489000)))
//                      AND destinationId IN
//                        (SELECT DISTINCT tt1.child AS id
//                         FROM transitive_ss AS tt1
//                         JOIN
//                           (SELECT id
//                            FROM concept_ss
//                            WHERE active=1
//                              AND locked = 0
//                              AND (id IN (105590001))) AS tt2 ON tt1.parent = tt2.id
//                         WHERE tt1.locked = 0)
//                      AND active=1
//                      AND locked=0) AS idg) AS rg_card))) AS and_sctid2 ON and_sctid1.id = and_sctid2.id
// ============================================================
