// Substrate: 20150131
// Timestamp: 
// Result: Pass

descendantOrSelfOf 404684003 |clinical finding|: 116676008 |associated morphology| =
(descendantOrSelfOf 56208002|ulcer| AND descendantOrSelfOf 50960005|haemorrhage|)
// Result: {49232000, 85787009, 17067009, 62341002, 74341002, 76181002, 53877005, 34021006,
// 42698006, 36975000, 18367003, 86895006, 12847006, 66767006, 89748001, 57748001,
// 61300005, 46708007, 64121000, 23812009, 87796008, 111353003, 53337006, 90489006,
// 81518000, 57246001, 17593008, 64094003, 62366003, 43406003, 15902003, 54798007,
// 64398008, 76078009, 48974009, 85859006, 12355008, 72408002, 45640006, 47064007,
// 89469000, 35560008, 22157005, 26221006, 56461008, 55746001, 86258000, 77661009,
// 41986000, 70418001, 2066005, 63954007, 308882008, 12274003, 48658001, 50663005,
// 58711008, 51847008, 84124004, 87756006, 59356009, 24001002, 66673003, 90257004,
// 28945005, 55617001, 27281001, 62838000, 16694003, 81142005, 46523000, 81387001,
// 59515005, 15115006}
//
// Length=74

// ============================================================
//SELECT DISTINCT and_sctid1.id
// FROM
//   (SELECT DISTINCT or_sctid.id
//    FROM (
//            (SELECT id
//             FROM concept_ss
//             WHERE active=1
//               AND locked = 0
//               AND (id IN (404684003)))
//          UNION
//            (SELECT DISTINCT tt1.child AS id
//             FROM transitive_ss AS tt1
//             JOIN
//               (SELECT id
//                FROM concept_ss
//                WHERE active=1
//                  AND locked = 0
//                  AND (id IN (404684003))) AS tt2 ON tt1.parent = tt2.id
//             WHERE tt1.locked = 0)) AS or_sctid) AS and_sctid1
// JOIN
//   (SELECT DISTINCT rc_1.id
//    FROM
//      (SELECT id AS rid,
//              sourceId AS id,
//              typeId,
//              destinationId,
//              gid
//       FROM relationship_ss_ext
//       WHERE typeId IN
//           (SELECT id
//            FROM concept_ss
//            WHERE active=1
//              AND locked = 0
//              AND (id IN (116676008)))
//         AND destinationId IN
//           (SELECT DISTINCT and_sctid1.id
//            FROM
//              (SELECT DISTINCT or_sctid.id
//               FROM (
//                       (SELECT id
//                        FROM concept_ss
//                        WHERE active=1
//                          AND locked = 0
//                          AND (id IN (56208002)))
//                     UNION
//                       (SELECT DISTINCT tt1.child AS id
//                        FROM transitive_ss AS tt1
//                        JOIN
//                          (SELECT id
//                           FROM concept_ss
//                           WHERE active=1
//                             AND locked = 0
//                             AND (id IN (56208002))) AS tt2 ON tt1.parent = tt2.id
//                        WHERE tt1.locked = 0)) AS or_sctid) AS and_sctid1
//            JOIN
//              (SELECT DISTINCT or_sctid.id
//               FROM (
//                       (SELECT id
//                        FROM concept_ss
//                        WHERE active=1
//                          AND locked = 0
//                          AND (id IN (50960005)))
//                     UNION
//                       (SELECT DISTINCT tt1.child AS id
//                        FROM transitive_ss AS tt1
//                        JOIN
//                          (SELECT id
//                           FROM concept_ss
//                           WHERE active=1
//                             AND locked = 0
//                             AND (id IN (50960005))) AS tt2 ON tt1.parent = tt2.id
//                        WHERE tt1.locked = 0)) AS or_sctid) AS and_sctid2 ON and_sctid1.id = and_sctid2.id)
//         AND active=1
//         AND locked=0) AS rc_1) AS and_sctid2 ON and_sctid1.id = and_sctid2.id
// ============================================================
