// Substrate: 20150131
// Timestamp: 
// Result: Pass

descendantOrSelfOf 404684003 |clinical finding|:
47429007 |associated with| = (descendantOrSelfOf 404684003 |clinical finding|: 
116676008 |associated morphology| = descendantOrSelfOf 55641003 |infarct| )
// Result: {71023004}
//
// Length=1

// ============================================================
//SELECT DISTINCT and_sctid1.id
// FROM
//   (SELECT DISTINCT or_sctid.id
//    FROM (
//            (SELECT id
//             FROM concept_ss
//             WHERE active=1
//               AND locked = 0
//               AND (id IN (404684003)))
//          UNION
//            (SELECT DISTINCT tt1.child AS id
//             FROM transitive_ss AS tt1
//             JOIN
//               (SELECT id
//                FROM concept_ss
//                WHERE active=1
//                  AND locked = 0
//                  AND (id IN (404684003))) AS tt2 ON tt1.parent = tt2.id
//             WHERE tt1.locked = 0)) AS or_sctid) AS and_sctid1
// JOIN
//   (SELECT DISTINCT rc_1.id
//    FROM
//      (SELECT id AS rid,
//              sourceId AS id,
//              typeId,
//              destinationId,
//              gid
//       FROM relationship_ss_ext
//       WHERE typeId IN
//           (SELECT id
//            FROM concept_ss
//            WHERE active=1
//              AND locked = 0
//              AND (id IN (47429007)))
//         AND destinationId IN
//           (SELECT DISTINCT and_sctid1.id
//            FROM
//              (SELECT DISTINCT or_sctid.id
//               FROM (
//                       (SELECT id
//                        FROM concept_ss
//                        WHERE active=1
//                          AND locked = 0
//                          AND (id IN (404684003)))
//                     UNION
//                       (SELECT DISTINCT tt1.child AS id
//                        FROM transitive_ss AS tt1
//                        JOIN
//                          (SELECT id
//                           FROM concept_ss
//                           WHERE active=1
//                             AND locked = 0
//                             AND (id IN (404684003))) AS tt2 ON tt1.parent = tt2.id
//                        WHERE tt1.locked = 0)) AS or_sctid) AS and_sctid1
//            JOIN
//              (SELECT DISTINCT rc_1.id
//               FROM
//                 (SELECT id AS rid,
//                         sourceId AS id,
//                         typeId,
//                         destinationId,
//                         gid
//                  FROM relationship_ss_ext
//                  WHERE typeId IN
//                      (SELECT id
//                       FROM concept_ss
//                       WHERE active=1
//                         AND locked = 0
//                         AND (id IN (116676008)))
//                    AND destinationId IN
//                      (SELECT DISTINCT or_sctid.id
//                       FROM (
//                               (SELECT id
//                                FROM concept_ss
//                                WHERE active=1
//                                  AND locked = 0
//                                  AND (id IN (55641003)))
//                             UNION
//                               (SELECT DISTINCT tt1.child AS id
//                                FROM transitive_ss AS tt1
//                                JOIN
//                                  (SELECT id
//                                   FROM concept_ss
//                                   WHERE active=1
//                                     AND locked = 0
//                                     AND (id IN (55641003))) AS tt2 ON tt1.parent = tt2.id
//                                WHERE tt1.locked = 0)) AS or_sctid)
//                    AND active=1
//                    AND locked=0) AS rc_1) AS and_sctid2 ON and_sctid1.id = and_sctid2.id)
//         AND active=1
//         AND locked=0) AS rc_1) AS and_sctid2 ON and_sctid1.id = and_sctid2.id
// ============================================================
