// Substrate: 20150131
// Timestamp: 
// Result: Pass

^ 1111000000132 |allergy event reference set|: 246075003 |causative agent| =
(< 373873005 |pharmaceutical / biologic product| OR < 105590001 |substance|)
// Result: set()
//
// Length=0

// ============================================================
//SELECT DISTINCT and_sctid1.id
// FROM
//   (SELECT id
//    FROM concept_ss
//    WHERE active=1
//      AND locked = 0
//      AND (False)) AS and_sctid1
// JOIN
//   (SELECT DISTINCT rc_1.sourceId AS id
//    FROM
//      (SELECT id,
//              sourceId,
//              typeId,
//              destinationId,
//              gid
//       FROM relationship_ss_ext
//       WHERE typeId IN
//           (SELECT id
//            FROM concept_ss
//            WHERE active=1
//              AND locked = 0
//              AND (id IN (246075003)))
//         AND destinationId IN
//           (SELECT DISTINCT or_sctid.id
//            FROM (
//                    (SELECT DISTINCT tt1.child AS id
//                     FROM transitive_ss AS tt1
//                     JOIN
//                       (SELECT id
//                        FROM concept_ss
//                        WHERE active=1
//                          AND locked = 0
//                          AND (id IN (373873005))) AS tt2 ON tt1.parent = tt2.id
//                     WHERE tt1.locked = 0)
//                  UNION
//                    (SELECT DISTINCT tt1.child AS id
//                     FROM transitive_ss AS tt1
//                     JOIN
//                       (SELECT id
//                        FROM concept_ss
//                        WHERE active=1
//                          AND locked = 0
//                          AND (id IN (105590001))) AS tt2 ON tt1.parent = tt2.id
//                     WHERE tt1.locked = 0)) as or_sctid)
//         AND active=1
//         AND locked=0) AS rc_1) AS and_sctid2 ON and_sctid1.id = and_sctid2.id
// ============================================================
