// Substrate: 20150131
// Timestamp: 
// Result: Pass

< 111115 |amoxicillin tablet|: 
{ 127489000 |has active ingredient| = 372687004 |amoxicillin|,
   111115 |has reference basis of strength| = 372687004 |amoxicillin|,
   111115 |strength magnitude equal to| >= #500,
   111115 |strength magnitude equal to| <= #800, 
   111115 |strength unit| = 258684004 |mg|}
// Result: set()
//
// Length=0

// ============================================================
//SELECT DISTINCT and_sctid1.id
// FROM
//   (SELECT DISTINCT tt1.child AS id
//    FROM transitive_ss AS tt1
//    JOIN
//      (SELECT id
//       FROM concept_ss
//       WHERE active=1
//         AND locked = 0
//         AND (id IN (111115))) AS tt2 ON tt1.parent = tt2.id
//    WHERE tt1.locked = 0) AS and_sctid1
// JOIN
//   (SELECT DISTINCT rg_card.id
//    FROM
//      (SELECT DISTINCT idg.id,
//                       idg.gid
//       FROM
//         (SELECT DISTINCT sg_and1.id,
//                          sg_and1.gid
//          FROM
//            (SELECT DISTINCT idg.id,
//                             idg.gid
//             FROM
//               (SELECT id,
//                       sourceId,
//                       typeId,
//                       destinationId,
//                       gid
//                FROM relationship_ss_ext
//                WHERE typeId IN
//                    (SELECT id
//                     FROM concept_ss
//                     WHERE active=1
//                       AND locked = 0
//                       AND (id IN (127489000)))
//                  AND destinationId IN
//                    (SELECT id
//                     FROM concept_ss
//                     WHERE active=1
//                       AND locked = 0
//                       AND (id IN (372687004)))
//                  AND active=1
//                  AND locked=0) AS idg) AS sg_and1
//          JOIN
//            (SELECT DISTINCT idg.id,
//                             idg.gid
//             FROM
//               (SELECT DISTINCT sg_and1.id,
//                                sg_and1.gid
//                FROM
//                  (SELECT DISTINCT idg.id,
//                                   idg.gid
//                   FROM
//                     (SELECT id,
//                             sourceId,
//                             typeId,
//                             destinationId,
//                             gid
//                      FROM relationship_ss_ext
//                      WHERE typeId IN
//                          (SELECT id
//                           FROM concept_ss
//                           WHERE active=1
//                             AND locked = 0
//                             AND (id IN (111115)))
//                        AND destinationId IN
//                          (SELECT id
//                           FROM concept_ss
//                           WHERE active=1
//                             AND locked = 0
//                             AND (id IN (372687004)))
//                        AND active=1
//                        AND locked=0) AS idg) AS sg_and1
//                JOIN
//                  (SELECT DISTINCT idg.id,
//                                   idg.gid
//                   FROM
//                     (SELECT DISTINCT sg_and1.id,
//                                      sg_and1.gid
//                      FROM
//                        (SELECT DISTINCT idg.id,
//                                         idg.gid
//                         FROM
//                           (SELECT id,
//                                   sourceId,
//                                   typeId,
//                                   destinationId,
//                                   gid
//                            FROM relationship_ss_ext
//                            WHERE 0) AS idg) AS sg_and1
//                      JOIN
//                        (SELECT DISTINCT idg.id,
//                                         idg.gid
//                         FROM
//                           (SELECT DISTINCT sg_and1.id,
//                                            sg_and1.gid
//                            FROM
//                              (SELECT DISTINCT idg.id,
//                                               idg.gid
//                               FROM
//                                 (SELECT id,
//                                         sourceId,
//                                         typeId,
//                                         destinationId,
//                                         gid
//                                  FROM relationship_ss_ext
//                                  WHERE 0) AS idg) AS sg_and1
//                            JOIN
//                              (SELECT DISTINCT idg.id,
//                                               idg.gid
//                               FROM
//                                 (SELECT id,
//                                         sourceId,
//                                         typeId,
//                                         destinationId,
//                                         gid
//                                  FROM relationship_ss_ext
//                                  WHERE typeId IN
//                                      (SELECT id
//                                       FROM concept_ss
//                                       WHERE active=1
//                                         AND locked = 0
//                                         AND (id IN (111115)))
//                                    AND destinationId IN
//                                      (SELECT id
//                                       FROM concept_ss
//                                       WHERE active=1
//                                         AND locked = 0
//                                         AND (id IN (258684004)))
//                                    AND active=1
//                                    AND locked=0) AS idg) AS sg_and2 ON sg_and1.id = sg_and2.id
//                            AND sg_and1.gid = sg_and2.gid) AS idg) AS sg_and2 ON sg_and1.id = sg_and2.id
//                      AND sg_and1.gid = sg_and2.gid) AS idg) AS sg_and2 ON sg_and1.id = sg_and2.id
//                AND sg_and1.gid = sg_and2.gid) AS idg) AS sg_and2 ON sg_and1.id = sg_and2.id
//          AND sg_and1.gid = sg_and2.gid) AS idg) AS rg_card) AS and_sctid2 ON and_sctid1.id = and_sctid2.id
// ============================================================
