// Substrate: 20150131
// Timestamp: 
// Result: Pass

< 404684003 |clinical finding|:
[1..1] 363698007 |finding site| = < 91723000 |anatomical structure|
// Result: 
//
// Length=50048

// ============================================================
//SELECT DISTINCT and_sctid1.id
// FROM
//   (SELECT DISTINCT tt1.child AS id
//    FROM transitive_ss AS tt1
//    JOIN
//      (SELECT id
//       FROM concept_ss
//       WHERE active=1
//         AND locked = 0
//         AND (id IN (404684003))) AS tt2 ON tt1.parent = tt2.id
//    WHERE tt1.locked = 0) AS and_sctid1
// JOIN
//   (SELECT DISTINCT rc_1.id
//    FROM
//      (SELECT rc_2.id,
//              count(rc_2.rid) AS cnt
//       FROM
//         (SELECT id AS rid,
//                 sourceId AS id,
//                 typeId,
//                 destinationId,
//                 gid
//          FROM relationship_ss_ext
//          WHERE typeId IN
//              (SELECT id
//               FROM concept_ss
//               WHERE active=1
//                 AND locked = 0
//                 AND (id IN (363698007)))
//            AND destinationId IN
//              (SELECT DISTINCT tt1.child AS id
//               FROM transitive_ss AS tt1
//               JOIN
//                 (SELECT id
//                  FROM concept_ss
//                  WHERE active=1
//                    AND locked = 0
//                    AND (id IN (91723000))) AS tt2 ON tt1.parent = tt2.id
//               WHERE tt1.locked = 0)
//            AND active=1
//            AND locked=0) AS rc_2
//       GROUP BY rc_2.id) AS rc_1
//    WHERE 1
//      AND rc_1.cnt <= 1) AS and_sctid2 ON and_sctid1.id = and_sctid2.id
// ============================================================
