// Substrate: 20150131
// Timestamp: 
// Result: Pass

<< 373873005 |pharmaceutical / biologic product|:
111115 |trade name| = "PANADOL"
// Result: set()
//
// Length=0

// ============================================================
//SELECT DISTINCT and_sctid1.id
// FROM
//   (SELECT DISTINCT or_sctid.id
//    FROM (
//            (SELECT id
//             FROM concept_ss
//             WHERE active=1
//               AND locked = 0
//               AND (id IN (373873005)))
//          UNION
//            (SELECT DISTINCT tt1.child AS id
//             FROM transitive_ss AS tt1
//             JOIN
//               (SELECT id
//                FROM concept_ss
//                WHERE active=1
//                  AND locked = 0
//                  AND (id IN (373873005))) AS tt2 ON tt1.parent = tt2.id
//             WHERE tt1.locked = 0)) as or_sctid) AS and_sctid1
// JOIN
//   (SELECT DISTINCT rc_1.destinationId AS id
//    FROM
//      (SELECT id,
//              sourceId,
//              typeId,
//              destinationId,
//              gid
//       FROM relationship_ss_ext
//       WHERE 0) AS rc_1) AS and_sctid2 ON and_sctid1.id = and_sctid2.id
// ============================================================
