// Substrate: 20150131
// Timestamp: 
// Result: Pass

< 404684003 |clinical finding|:
{ 363698007 |finding site| = << 39057004 |pulmonary valve structure|,
   116676008 |associated morphology| = << 415582006 |stenosis|} OR
{ 363698007 |finding site| = << 53085002 |right ventricular structure|,
   116676008 |associated morphology| = << 56246009 |hypertrophy|}
// Result: {89792004, 194997002, 253514004, 703178004, 251007003, 204351007, 253513005,
// 92830003, 251006007, 67278007, 85971001, 253512000, 195000004, 703192005,
// 472845002, 56786000, 91442002, 703186004, 204306007, 406428006, 399228007,
// 253515003, 86299006, 703291007}
//
// Length=24

// ============================================================
//SELECT DISTINCT and_sctid1.id
// FROM
//   (SELECT DISTINCT tt1.child AS id
//    FROM transitive_ss AS tt1
//    JOIN
//      (SELECT id
//       FROM concept_ss
//       WHERE active=1
//         AND locked = 0
//         AND (id IN (404684003))) AS tt2 ON tt1.parent = tt2.id
//    WHERE tt1.locked = 0) AS and_sctid1
// JOIN
//   (SELECT DISTINCT or_sctid.id
//    FROM (
//            (SELECT DISTINCT rg_card.id
//             FROM
//               (SELECT DISTINCT idg.id,
//                                idg.gid
//                FROM
//                  (SELECT DISTINCT sg_and1.id,
//                                   sg_and1.gid
//                   FROM
//                     (SELECT DISTINCT idg.id,
//                                      idg.gid
//                      FROM
//                        (SELECT id AS rid,
//                                sourceId AS id,
//                                typeId,
//                                destinationId,
//                                gid
//                         FROM relationship_ss_ext
//                         WHERE typeId IN
//                             (SELECT id
//                              FROM concept_ss
//                              WHERE active=1
//                                AND locked = 0
//                                AND (id IN (363698007)))
//                           AND destinationId IN
//                             (SELECT DISTINCT or_sctid.id
//                              FROM (
//                                      (SELECT id
//                                       FROM concept_ss
//                                       WHERE active=1
//                                         AND locked = 0
//                                         AND (id IN (39057004)))
//                                    UNION
//                                      (SELECT DISTINCT tt1.child AS id
//                                       FROM transitive_ss AS tt1
//                                       JOIN
//                                         (SELECT id
//                                          FROM concept_ss
//                                          WHERE active=1
//                                            AND locked = 0
//                                            AND (id IN (39057004))) AS tt2 ON tt1.parent = tt2.id
//                                       WHERE tt1.locked = 0)) AS or_sctid)
//                           AND active=1
//                           AND locked=0) AS idg) AS sg_and1
//                   JOIN
//                     (SELECT DISTINCT idg.id,
//                                      idg.gid
//                      FROM
//                        (SELECT id AS rid,
//                                sourceId AS id,
//                                typeId,
//                                destinationId,
//                                gid
//                         FROM relationship_ss_ext
//                         WHERE typeId IN
//                             (SELECT id
//                              FROM concept_ss
//                              WHERE active=1
//                                AND locked = 0
//                                AND (id IN (116676008)))
//                           AND destinationId IN
//                             (SELECT DISTINCT or_sctid.id
//                              FROM (
//                                      (SELECT id
//                                       FROM concept_ss
//                                       WHERE active=1
//                                         AND locked = 0
//                                         AND (id IN (415582006)))
//                                    UNION
//                                      (SELECT DISTINCT tt1.child AS id
//                                       FROM transitive_ss AS tt1
//                                       JOIN
//                                         (SELECT id
//                                          FROM concept_ss
//                                          WHERE active=1
//                                            AND locked = 0
//                                            AND (id IN (415582006))) AS tt2 ON tt1.parent = tt2.id
//                                       WHERE tt1.locked = 0)) AS or_sctid)
//                           AND active=1
//                           AND locked=0) AS idg) AS sg_and2 ON sg_and1.id = sg_and2.id
//                   AND sg_and1.gid = sg_and2.gid) AS idg) AS rg_card)
//          UNION
//            (SELECT DISTINCT rg_card.id
//             FROM
//               (SELECT DISTINCT idg.id,
//                                idg.gid
//                FROM
//                  (SELECT DISTINCT sg_and1.id,
//                                   sg_and1.gid
//                   FROM
//                     (SELECT DISTINCT idg.id,
//                                      idg.gid
//                      FROM
//                        (SELECT id AS rid,
//                                sourceId AS id,
//                                typeId,
//                                destinationId,
//                                gid
//                         FROM relationship_ss_ext
//                         WHERE typeId IN
//                             (SELECT id
//                              FROM concept_ss
//                              WHERE active=1
//                                AND locked = 0
//                                AND (id IN (363698007)))
//                           AND destinationId IN
//                             (SELECT DISTINCT or_sctid.id
//                              FROM (
//                                      (SELECT id
//                                       FROM concept_ss
//                                       WHERE active=1
//                                         AND locked = 0
//                                         AND (id IN (53085002)))
//                                    UNION
//                                      (SELECT DISTINCT tt1.child AS id
//                                       FROM transitive_ss AS tt1
//                                       JOIN
//                                         (SELECT id
//                                          FROM concept_ss
//                                          WHERE active=1
//                                            AND locked = 0
//                                            AND (id IN (53085002))) AS tt2 ON tt1.parent = tt2.id
//                                       WHERE tt1.locked = 0)) AS or_sctid)
//                           AND active=1
//                           AND locked=0) AS idg) AS sg_and1
//                   JOIN
//                     (SELECT DISTINCT idg.id,
//                                      idg.gid
//                      FROM
//                        (SELECT id AS rid,
//                                sourceId AS id,
//                                typeId,
//                                destinationId,
//                                gid
//                         FROM relationship_ss_ext
//                         WHERE typeId IN
//                             (SELECT id
//                              FROM concept_ss
//                              WHERE active=1
//                                AND locked = 0
//                                AND (id IN (116676008)))
//                           AND destinationId IN
//                             (SELECT DISTINCT or_sctid.id
//                              FROM (
//                                      (SELECT id
//                                       FROM concept_ss
//                                       WHERE active=1
//                                         AND locked = 0
//                                         AND (id IN (56246009)))
//                                    UNION
//                                      (SELECT DISTINCT tt1.child AS id
//                                       FROM transitive_ss AS tt1
//                                       JOIN
//                                         (SELECT id
//                                          FROM concept_ss
//                                          WHERE active=1
//                                            AND locked = 0
//                                            AND (id IN (56246009))) AS tt2 ON tt1.parent = tt2.id
//                                       WHERE tt1.locked = 0)) AS or_sctid)
//                           AND active=1
//                           AND locked=0) AS idg) AS sg_and2 ON sg_and1.id = sg_and2.id
//                   AND sg_and1.gid = sg_and2.gid) AS idg) AS rg_card)) AS or_sctid) AS and_sctid2 ON and_sctid1.id = and_sctid2.id
// ============================================================
